<?xml version="1.0" encoding="UTF-8"?>
<testng-results ignored="10" total="14" passed="4" failed="0" skipped="0">
  <reporter-output>
  </reporter-output>
  <suite started-at="2021-10-25T11:27:56Z" name="Suite" finished-at="2021-10-25T11:27:56Z" duration-ms="43">
    <groups>
      <group name="Smoke">
        <method signature="annotationDemo.Shoppingshoes()[pri:0, instance:unitFramework.annotationDemo@58ea606c]" name="Shoppingshoes" class="unitFramework.annotationDemo"/>
        <method signature="executionDemo.CarAPILoan()[pri:0, instance:unitFramework.executionDemo@1dac5ef]" name="CarAPILoan" class="unitFramework.executionDemo"/>
        <method signature="homeLoan.MobileHomeLoan()[pri:0, instance:unitFramework.homeLoan@37883b97]" name="MobileHomeLoan" class="unitFramework.homeLoan"/>
        <method signature="vehicle.vehicleWheels()[pri:0, instance:unitFramework.vehicle@5c90e579]" name="vehicleWheels" class="unitFramework.vehicle"/>
      </group> <!-- Smoke -->
    </groups>
    <test started-at="2021-10-25T11:27:56Z" name="Test" finished-at="2021-10-25T11:27:56Z" duration-ms="43">
      <class name="unitFramework.annotationDemo">
        <test-method signature="Shoppingshoes()[pri:0, instance:unitFramework.annotationDemo@58ea606c]" started-at="2021-10-25T16:57:56Z" name="Shoppingshoes" finished-at="2021-10-25T16:57:56Z" duration-ms="1" status="PASS">
          <reporter-output>
          </reporter-output>
        </test-method> <!-- Shoppingshoes -->
      </class> <!-- unitFramework.annotationDemo -->
      <class name="unitFramework.vehicle">
        <test-method signature="vehicleWheels()[pri:0, instance:unitFramework.vehicle@5c90e579]" started-at="2021-10-25T16:57:56Z" name="vehicleWheels" finished-at="2021-10-25T16:57:56Z" duration-ms="2" status="PASS">
          <reporter-output>
          </reporter-output>
        </test-method> <!-- vehicleWheels -->
      </class> <!-- unitFramework.vehicle -->
      <class name="unitFramework.executionDemo">
        <test-method signature="CarAPILoan()[pri:0, instance:unitFramework.executionDemo@1dac5ef]" started-at="2021-10-25T16:57:56Z" name="CarAPILoan" finished-at="2021-10-25T16:57:56Z" duration-ms="1" status="PASS">
          <reporter-output>
          </reporter-output>
        </test-method> <!-- CarAPILoan -->
      </class> <!-- unitFramework.executionDemo -->
      <class name="unitFramework.homeLoan">
        <test-method signature="MobileHomeLoan()[pri:0, instance:unitFramework.homeLoan@37883b97]" started-at="2021-10-25T16:57:56Z" name="MobileHomeLoan" finished-at="2021-10-25T16:57:56Z" duration-ms="14" status="PASS">
          <reporter-output>
          </reporter-output>
        </test-method> <!-- MobileHomeLoan -->
      </class> <!-- unitFramework.homeLoan -->
    </test> <!-- Test -->
  </suite> <!-- Suite -->
</testng-results>
