<?xml version="1.0" encoding="UTF-8"?>
<testng-results ignored="0" total="1" passed="1" failed="0" skipped="0">
  <reporter-output>
  </reporter-output>
  <suite started-at="2021-11-17T08:34:10Z" name="Default suite" finished-at="2021-11-17T08:34:26Z" duration-ms="16399">
    <groups>
    </groups>
    <test started-at="2021-11-17T08:34:10Z" name="Default test" finished-at="2021-11-17T08:34:26Z" duration-ms="16399">
      <class name="Reports.ExtentReport.reportDemo">
        <test-method is-config="true" signature="config()[pri:0, instance:Reports.ExtentReport.reportDemo@a1cdc6d]" started-at="2021-11-17T14:04:10Z" name="config" finished-at="2021-11-17T14:04:11Z" duration-ms="476" status="PASS">
          <reporter-output>
          </reporter-output>
        </test-method> <!-- config -->
        <test-method signature="intializeDemo()[pri:0, instance:Reports.ExtentReport.reportDemo@a1cdc6d]" started-at="2021-11-17T14:04:11Z" name="intializeDemo" finished-at="2021-11-17T14:04:26Z" duration-ms="15909" status="PASS">
          <reporter-output>
          </reporter-output>
        </test-method> <!-- intializeDemo -->
      </class> <!-- Reports.ExtentReport.reportDemo -->
    </test> <!-- Default test -->
  </suite> <!-- Default suite -->
</testng-results>
