<?xml version="1.0" encoding="UTF-8"?>
<testng-results ignored="0" total="2" passed="2" failed="0" skipped="0">
  <reporter-output>
  </reporter-output>
  <suite started-at="2021-11-18T11:54:00Z" name="Default suite" finished-at="2021-11-18T11:54:21Z" duration-ms="21128">
    <groups>
    </groups>
    <test started-at="2021-11-18T11:54:00Z" name="Default test" finished-at="2021-11-18T11:54:21Z" duration-ms="21128">
      <class name="FrameworkScratch.EndtoEnd.Homepage">
        <test-method is-config="true" signature="initialize()[pri:0, instance:FrameworkScratch.EndtoEnd.Homepage@3a6f2de3]" started-at="2021-11-18T17:24:00Z" name="initialize" finished-at="2021-11-18T17:24:09Z" duration-ms="8850" status="PASS">
          <reporter-output>
          </reporter-output>
        </test-method> <!-- initialize -->
        <test-method signature="basepagenavigation(java.lang.String, java.lang.String, java.lang.String)[pri:0, instance:FrameworkScratch.EndtoEnd.Homepage@3a6f2de3]" started-at="2021-11-18T17:24:09Z" name="basepagenavigation" data-provider="getData" finished-at="2021-11-18T17:24:17Z" duration-ms="8491" status="PASS">
          <params>
            <param index="0">
              <value>
                <![CDATA[test@email.com]]>
              </value>
            </param>
            <param index="1">
              <value>
                <![CDATA[abcdes]]>
              </value>
            </param>
            <param index="2">
              <value>
                <![CDATA[Restricted data]]>
              </value>
            </param>
          </params>
          <reporter-output>
          </reporter-output>
        </test-method> <!-- basepagenavigation -->
        <test-method signature="basepagenavigation(java.lang.String, java.lang.String, java.lang.String)[pri:0, instance:FrameworkScratch.EndtoEnd.Homepage@3a6f2de3]" started-at="2021-11-18T17:24:17Z" name="basepagenavigation" data-provider="getData" finished-at="2021-11-18T17:24:19Z" duration-ms="1784" status="PASS">
          <params>
            <param index="0">
              <value>
                <![CDATA[demo@email.com]]>
              </value>
            </param>
            <param index="1">
              <value>
                <![CDATA[password]]>
              </value>
            </param>
            <param index="2">
              <value>
                <![CDATA[Normal user]]>
              </value>
            </param>
          </params>
          <reporter-output>
          </reporter-output>
        </test-method> <!-- basepagenavigation -->
        <test-method is-config="true" signature="tearDown()[pri:0, instance:FrameworkScratch.EndtoEnd.Homepage@3a6f2de3]" started-at="2021-11-18T17:24:19Z" name="tearDown" finished-at="2021-11-18T17:24:21Z" duration-ms="1980" status="PASS">
          <reporter-output>
          </reporter-output>
        </test-method> <!-- tearDown -->
      </class> <!-- FrameworkScratch.EndtoEnd.Homepage -->
    </test> <!-- Default test -->
  </suite> <!-- Default suite -->
</testng-results>
