<?xml version="1.0" encoding="UTF-8"?>
<testng-results ignored="0" total="1" passed="1" failed="0" skipped="0">
  <reporter-output>
  </reporter-output>
  <suite started-at="2021-10-29T10:46:14Z" name="Default suite" finished-at="2021-10-29T10:46:49Z" duration-ms="34871">
    <groups>
    </groups>
    <test started-at="2021-10-29T10:46:14Z" name="Default test" finished-at="2021-10-29T10:46:49Z" duration-ms="34871">
      <class name="testcases.loginApplication">
        <test-method signature="login()[pri:0, instance:testcases.loginApplication@291caca8]" started-at="2021-10-29T16:16:14Z" name="login" finished-at="2021-10-29T16:16:49Z" duration-ms="34857" status="PASS">
          <reporter-output>
          </reporter-output>
        </test-method> <!-- login -->
      </class> <!-- testcases.loginApplication -->
    </test> <!-- Default test -->
  </suite> <!-- Default suite -->
</testng-results>
