<?xml version="1.0" encoding="UTF-8"?>
<!-- Generated by org.testng.reporters.JUnitXMLReporter -->
<testsuite ignored="0" hostname="nishantht-w10" failures="0" tests="4" name="Default test" time="0.048" errors="0" timestamp="26 Oct 2021 16:06:53 GMT">
  <testcase classname="AutomationMaven.Maven.hospitalTest" name="Cafeteria" time="0.01"/>
  <testcase classname="AutomationMaven.Maven.hospitalTest" name="ICU" time="0.002"/>
  <testcase classname="AutomationMaven.Maven.hospitalTest" name="outPatient" time="0.005"/>
  <testcase classname="AutomationMaven.Maven.hospitalTest" name="pharmacy" time="0.003"/>
</testsuite> <!-- Default test -->
