<?xml version="1.0" encoding="UTF-8"?>
<!-- Generated by org.testng.reporters.JUnitXMLReporter -->
<testsuite ignored="0" hostname="nishantht-w10" failures="0" tests="3" name="Loan" time="0.007" errors="0" timestamp="24 Oct 2021 12:29:01 GMT">
  <testcase classname="unitFramework.homeLoan" name="APIHomeLoan" time="0.001"/>
  <testcase classname="unitFramework.homeLoan" name="MobileHomeLoan" time="0.001"/>
  <testcase classname="unitFramework.homeLoan" name="WebHomeLoan" time="0.001"/>
</testsuite> <!-- Loan -->
