<?xml version="1.0" encoding="UTF-8"?>
<!-- Generated by org.testng.reporters.JUnitXMLReporter -->
<testsuite ignored="0" hostname="nishantht-w10" failures="0" tests="6" name="multipleTest" time="0.045" errors="0" timestamp="24 Oct 2021 13:45:17 GMT">
  <testcase classname="unitFramework.homeLoan" name="APIHomeLoan" time="0.009"/>
  <testcase classname="unitFramework.homeLoan" name="MobileHomeLoan" time="0.001"/>
  <testcase classname="unitFramework.homeLoan" name="WebHomeLoan" time="0.001"/>
  <testcase classname="unitFramework.vehicle" name="vehicleAccelerate" time="0.002"/>
  <testcase classname="unitFramework.vehicle" name="vehicleWheels" time="0.001"/>
  <testcase classname="unitFramework.vehicle" name="vehiclespeedometer" time="0.001"/>
</testsuite> <!-- multipleTest -->
