<?xml version="1.0" encoding="UTF-8"?>
<!-- Generated by org.testng.reporters.JUnitXMLReporter -->
<testsuite ignored="1" hostname="nishantht-w10" failures="0" tests="12" name="ParameterDemo" time="0.058" errors="0" timestamp="25 Oct 2021 09:02:00 GMT">
  <testcase classname="unitFramework.annotationDemo" name="Shopping" time="0.011"/>
  <testcase classname="unitFramework.annotationDemo" name="ShoppingShirts" time="0.001"/>
  <testcase classname="unitFramework.annotationDemo" name="Shoppingshoes" time="0.001"/>
  <testcase classname="unitFramework.annotationDemo" name="ShoppingTracks" time="0.001"/>
  <testcase classname="unitFramework.homeLoan" name="MobileHomeLoan" time="0.001"/>
  <testcase classname="unitFramework.homeLoan" name="WebHomeLoan" time="0.002"/>
  <testcase classname="unitFramework.executionDemo" name="CarAPILoan" time="0.004"/>
  <testcase classname="unitFramework.executionDemo" name="CarMobileLoan" time="0.001"/>
  <testcase classname="unitFramework.vehicle" name="vehicleAccelerate" time="0.001"/>
  <testcase classname="unitFramework.vehicle" name="vehicleInsurance" time="0.001"/>
  <testcase classname="unitFramework.vehicle" name="vehicleWheels" time="0.001"/>
  <testcase classname="unitFramework.vehicle" name="vehiclespeedometer" time="0.001"/>
  <testcase classname="unitFramework.annotationDemo" name="ShoppingWatch" time="0.0">
    <ignored/>
  </testcase> <!-- ShoppingWatch -->
</testsuite> <!-- ParameterDemo -->
