<?xml version="1.0" encoding="UTF-8"?>
<!-- Generated by org.testng.reporters.JUnitXMLReporter -->
<testsuite ignored="10" hostname="nishantht-w10" failures="0" tests="4" name="Test" time="0.043" errors="0" timestamp="25 Oct 2021 11:27:56 GMT">
  <testcase classname="unitFramework.homeLoan" name="MobileHomeLoan" time="0.014"/>
  <testcase classname="unitFramework.executionDemo" name="CarAPILoan" time="0.001"/>
  <testcase classname="unitFramework.vehicle" name="vehicleWheels" time="0.002"/>
  <testcase classname="unitFramework.annotationDemo" name="Shoppingshoes" time="0.001"/>
  <testcase classname="unitFramework.vehicle" name="vehicleInsurance" time="0.0">
    <ignored/>
  </testcase> <!-- vehicleInsurance -->
  <testcase classname="unitFramework.vehicle" name="vehiclespeedometer" time="0.0">
    <ignored/>
  </testcase> <!-- vehiclespeedometer -->
  <testcase classname="unitFramework.annotationDemo" name="ShoppingWatch" time="0.0">
    <ignored/>
  </testcase> <!-- ShoppingWatch -->
  <testcase classname="unitFramework.executionDemo" name="CarMobileLoan" time="0.0">
    <ignored/>
  </testcase> <!-- CarMobileLoan -->
  <testcase classname="unitFramework.annotationDemo" name="Shopping" time="0.0">
    <ignored/>
  </testcase> <!-- Shopping -->
  <testcase classname="unitFramework.annotationDemo" name="ShoppingTracks" time="0.0">
    <ignored/>
  </testcase> <!-- ShoppingTracks -->
  <testcase classname="unitFramework.annotationDemo" name="ShoppingShirts" time="0.0">
    <ignored/>
  </testcase> <!-- ShoppingShirts -->
  <testcase classname="unitFramework.homeLoan" name="WebHomeLoan" time="0.0">
    <ignored/>
  </testcase> <!-- WebHomeLoan -->
  <testcase classname="unitFramework.vehicle" name="vehicleAccelerate" time="0.0">
    <ignored/>
  </testcase> <!-- vehicleAccelerate -->
  <testcase classname="unitFramework.vehicle" name="Login" time="0.0">
    <ignored/>
  </testcase> <!-- Login -->
</testsuite> <!-- Test -->
