<?xml version="1.0" encoding="UTF-8"?>
<!-- Generated by org.testng.reporters.JUnitXMLReporter -->
<testsuite ignored="0" hostname="nishantht-w10" failures="0" tests="7" name="unitFramework" time="0.037" errors="0" timestamp="24 Oct 2021 15:05:50 GMT">
  <testcase classname="unitFramework.homeLoan" name="APIHomeLoan" time="0.004"/>
  <testcase classname="unitFramework.homeLoan" name="MobileHomeLoan" time="0.001"/>
  <testcase classname="unitFramework.homeLoan" name="WebHomeLoan" time="0.001"/>
  <testcase classname="unitFramework.executionDemo" name="CarAPILoan" time="0.001"/>
  <testcase classname="unitFramework.executionDemo" name="CarMobileLoan" time="0.001"/>
  <testcase classname="unitFramework.vehicle" name="vehicleAccelerate" time="0.001"/>
  <testcase classname="unitFramework.vehicle" name="vehiclespeedometer" time="0.001"/>
</testsuite> <!-- unitFramework -->
