<?xml version="1.0" encoding="UTF-8"?>
<!-- Generated by org.testng.reporters.JUnitXMLReporter -->
<testsuite ignored="0" hostname="nishantht-w10" failures="1" tests="7" name="VehicleDemo" time="0.017" errors="0" timestamp="25 Oct 2021 11:07:52 GMT">
  <testcase classname="unitFramework.vehicle" name="Login" time="0.001"/>
  <testcase classname="unitFramework.vehicle" name="Login" time="0.0"/>
  <testcase classname="unitFramework.vehicle" name="Login" time="0.001"/>
  <testcase classname="unitFramework.vehicle" name="vehicleAccelerate" time="0.001"/>
  <testcase classname="unitFramework.vehicle" name="vehicleInsurance" time="0.001">
    <failure type="java.lang.AssertionError" message="expected [true] but found [false]">
      <![CDATA[java.lang.AssertionError: expected [true] but found [false]
	at unitFramework.vehicle.vehicleInsurance(vehicle.java:50)
... Removed 29 stack frames]]>
    </failure>
  </testcase> <!-- vehicleInsurance -->
  <testcase classname="unitFramework.vehicle" name="vehicleWheels" time="0.001"/>
  <testcase classname="unitFramework.vehicle" name="vehiclespeedometer" time="0.001"/>
</testsuite> <!-- VehicleDemo -->
