<?xml version="1.0" encoding="UTF-8"?>
<!-- Generated by org.testng.reporters.JUnitXMLReporter -->
<testsuite ignored="3" hostname="nishantht-w10" failures="0" tests="0" time="0.0" errors="0" timestamp="25 Oct 2021 08:04:05 GMT">
  <testcase classname="unitFramework.vehicle" name="vehiclespeedometer" time="0.0">
    <ignored/>
  </testcase> <!-- vehiclespeedometer -->
  <testcase classname="unitFramework.vehicle" name="vehicleAccelerate" time="0.0">
    <ignored/>
  </testcase> <!-- vehicleAccelerate -->
  <testcase classname="unitFramework.vehicle" name="vehicleWheels" time="0.0">
    <ignored/>
  </testcase> <!-- vehicleWheels -->
</testsuite>
