<?xml version="1.0" encoding="UTF-8"?>
<!-- Generated by org.testng.reporters.JUnitXMLReporter -->
<testsuite ignored="0" hostname="nishantht-w10" failures="0" tests="3" name="Test" time="90.006" errors="0" timestamp="18 Nov 2021 08:25:48 GMT">
  <testcase classname="FrameworkScratch.EndtoEnd.Homepage" name="basepagenavigation" time="29.571"/>
  <testcase classname="FrameworkScratch.EndtoEnd.Homepage" name="basepagenavigation" time="4.574"/>
  <testcase classname="pageObjects.validateTitle" name="basepagenavigation" time="6.09"/>
</testsuite> <!-- Test -->
